Server is running on port 3000
Connected to the database
Table Associations created or verified successfully
Table Animals created or verified successfully
Table Users created or verified successfully
Table AdopterPreferences created or verified successfully
Table AdoptionRequests created or verified successfully
Table GiveUpRequests created or verified successfully
Table UsersNotifications created or verified successfully
Server is running on port 3000
Connected to the database
Table Associations created or verified successfully
Table Animals created or verified successfully
Table Users created or verified successfully
Table AdopterPreferences created or verified successfully
Table AdoptionRequests created or verified successfully
Table GiveUpRequests created or verified successfully
Table UsersNotifications created or verified successfully
Server is running on port 3000
Connected to the database
Table Associations created or verified successfully
Table Animals created or verified successfully
Table Users created or verified successfully
Table AdopterPreferences created or verified successfully
Table AdoptionRequests created or verified successfully
Table GiveUpRequests created or verified successfully
Table UsersNotifications created or verified successfully
Server is running on port 3000
Connected to the database
Table Associations created or verified successfully
Table Animals created or verified successfully
Table Users created or verified successfully
Table AdopterPreferences created or verified successfully
Table AdoptionRequests created or verified successfully
Table GiveUpRequests created or verified successfully
Table UsersNotifications created or verified successfully
Server is running on port 3000
Connected to the database
Table Associations created or verified successfully
Table Animals created or verified successfully
Table Users created or verified successfully
Table AdopterPreferences created or verified successfully
Table AdoptionRequests created or verified successfully
Table GiveUpRequests created or verified successfully
Table UsersNotifications created or verified successfully
Server is running on port 3000
Connected to the database
Table Associations created or verified successfully
Table Animals created or verified successfully
Table Users created or verified successfully
Table AdopterPreferences created or verified successfully
Table AdoptionRequests created or verified successfully
Table GiveUpRequests created or verified successfully
Table UsersNotifications created or verified successfully
Server is running on port 3000
Connected to the database
Table Associations created or verified successfully
Table Animals created or verified successfully
Table Users created or verified successfully
Table AdopterPreferences created or verified successfully
Table AdoptionRequests created or verified successfully
Table GiveUpRequests created or verified successfully
Table UsersNotifications created or verified successfully
Server is running on port 3000
Connected to the database
Table Associations created or verified successfully
Table Animals created or verified successfully
Table Users created or verified successfully
Table AdopterPreferences created or verified successfully
Table AdoptionRequests created or verified successfully
Table GiveUpRequests created or verified successfully
Table UsersNotifications created or verified successfully
Select Results: [ RowDataPacket { AnimalID: 38 } ]
Files uploaded successfully
Select Results: [ RowDataPacket { AnimalID: 39 } ]
Files uploaded successfully
Server is running on port 3000
Connected to the database
Table Associations created or verified successfully
Table Animals created or verified successfully
Table Users created or verified successfully
Table AdopterPreferences created or verified successfully
Table AdoptionRequests created or verified successfully
Table GiveUpRequests created or verified successfully
Table UsersNotifications created or verified successfully
Server is running on port 3000
Connected to the database
Table Associations created or verified successfully
Table Animals created or verified successfully
Table Users created or verified successfully
Table AdopterPreferences created or verified successfully
Table AdoptionRequests created or verified successfully
Table GiveUpRequests created or verified successfully
Table UsersNotifications created or verified successfully
Server is running on port 3000
Connected to the database
Table Associations created or verified successfully
Table Animals created or verified successfully
Table Users created or verified successfully
Table AdopterPreferences created or verified successfully
Table AdoptionRequests created or verified successfully
Table GiveUpRequests created or verified successfully
Table UsersNotifications created or verified successfully
Server is running on port 3000
Connected to the database
Table Associations created or verified successfully
Table Animals created or verified successfully
Table Users created or verified successfully
Table AdopterPreferences created or verified successfully
Table AdoptionRequests created or verified successfully
Table GiveUpRequests created or verified successfully
Table UsersNotifications created or verified successfully
Server is running on port 3000
Connected to the database
Table Associations created or verified successfully
Table Animals created or verified successfully
Table Users created or verified successfully
Table AdopterPreferences created or verified successfully
Table AdoptionRequests created or verified successfully
Table GiveUpRequests created or verified successfully
Table UsersNotifications created or verified successfully
Server is running on port 3000
Connected to the database
Table Associations created or verified successfully
Table Animals created or verified successfully
Table Users created or verified successfully
Table AdopterPreferences created or verified successfully
Table AdoptionRequests created or verified successfully
Table GiveUpRequests created or verified successfully
Table UsersNotifications created or verified successfully
Server is running on port 3000
Connected to the database
Table Associations created or verified successfully
Table Animals created or verified successfully
Table Users created or verified successfully
Table AdopterPreferences created or verified successfully
Table AdoptionRequests created or verified successfully
Table GiveUpRequests created or verified successfully
Table UsersNotifications created or verified successfully
Select Results: [ RowDataPacket { AnimalID: 41 } ]
Files uploaded successfully
Files uploaded successfully
Select Results: [ RowDataPacket { AnimalID: 42 } ]
Server is running on port 3000
Connected to the database
Table Associations created or verified successfully
Table Animals created or verified successfully
Table Users created or verified successfully
Table AdopterPreferences created or verified successfully
Table AdoptionRequests created or verified successfully
Table GiveUpRequests created or verified successfully
Table UsersNotifications created or verified successfully
Server is running on port 3000
Connected to the database
Table Associations created or verified successfully
Table Animals created or verified successfully
Table Users created or verified successfully
Table AdopterPreferences created or verified successfully
Table AdoptionRequests created or verified successfully
Table GiveUpRequests created or verified successfully
Table UsersNotifications created or verified successfully
Select Results: [ RowDataPacket { AnimalID: 49 } ]
Files uploaded successfully
Files uploaded successfully
Select Results: [ RowDataPacket { AnimalID: 50 } ]
Files uploaded successfully
Files uploaded successfully
Select Results: [ RowDataPacket { AnimalID: 51 } ]
Files uploaded successfully
Server is running on port 3000
Connected to the database
Table Associations created or verified successfully
Table Animals created or verified successfully
Table Users created or verified successfully
Table AdopterPreferences created or verified successfully
Table AdoptionRequests created or verified successfully
Table GiveUpRequests created or verified successfully
Table UsersNotifications created or verified successfully
Server is running on port 3000
Connected to the database
Table Associations created or verified successfully
Table Animals created or verified successfully
Table Users created or verified successfully
Table AdopterPreferences created or verified successfully
Table AdoptionRequests created or verified successfully
Table GiveUpRequests created or verified successfully
Table UsersNotifications created or verified successfully
Server is running on port 3000
Connected to the database
Table Associations created or verified successfully
Table Animals created or verified successfully
Table Users created or verified successfully
Table AdopterPreferences created or verified successfully
Table AdoptionRequests created or verified successfully
Table GiveUpRequests created or verified successfully
Table UsersNotifications created or verified successfully
Server is running on port 3000
Connected to the database
Table Associations created or verified successfully
Table Animals created or verified successfully
Table Users created or verified successfully
Table AdopterPreferences created or verified successfully
Table AdoptionRequests created or verified successfully
Table GiveUpRequests created or verified successfully
Table UsersNotifications created or verified successfully
Select Results: [ RowDataPacket { AnimalID: 52 } ]
Files uploaded successfully
Files uploaded successfully
Server is running on port 3000
Connected to the database
Table Associations created or verified successfully
Table Animals created or verified successfully
Table Users created or verified successfully
Table AdopterPreferences created or verified successfully
Table AdoptionRequests created or verified successfully
Table GiveUpRequests created or verified successfully
Table UsersNotifications created or verified successfully
Select Results: [ RowDataPacket { AnimalID: 53 } ]
Files uploaded successfully
Files uploaded successfully
Server is running on port 3000
Connected to the database
Table Associations created or verified successfully
Table Animals created or verified successfully
Table Users created or verified successfully
Table AdopterPreferences created or verified successfully
Table AdoptionRequests created or verified successfully
Table GiveUpRequests created or verified successfully
Table UsersNotifications created or verified successfully
Server is running on port 3000
Connected to the database
Table Associations created or verified successfully
Table Animals created or verified successfully
Table Users created or verified successfully
Table AdopterPreferences created or verified successfully
Table AdoptionRequests created or verified successfully
Table GiveUpRequests created or verified successfully
Table UsersNotifications created or verified successfully
Server is running on port 3000
Connected to the database
Table Associations created or verified successfully
Table Animals created or verified successfully
Table Users created or verified successfully
Table AdopterPreferences created or verified successfully
Table AdoptionRequests created or verified successfully
Table GiveUpRequests created or verified successfully
Table UsersNotifications created or verified successfully
Server is running on port 3000
Connected to the database
Table Associations created or verified successfully
Table Animals created or verified successfully
Table Users created or verified successfully
Table AdopterPreferences created or verified successfully
Table AdoptionRequests created or verified successfully
Table GiveUpRequests created or verified successfully
Table UsersNotifications created or verified successfully
Server is running on port 3000
Connected to the database
Table Associations created or verified successfully
Table Animals created or verified successfully
Table Users created or verified successfully
Table AdopterPreferences created or verified successfully
Table AdoptionRequests created or verified successfully
Table GiveUpRequests created or verified successfully
Table UsersNotifications created or verified successfully
Server is running on port 3000
Connected to the database
Table Associations created or verified successfully
Table Animals created or verified successfully
Table Users created or verified successfully
Table AdopterPreferences created or verified successfully
Table AdoptionRequests created or verified successfully
Table GiveUpRequests created or verified successfully
Table UsersNotifications created or verified successfully
Server is running on port 3000
Connected to the database
Table Associations created or verified successfully
Table Animals created or verified successfully
Table Users created or verified successfully
Table AdopterPreferences created or verified successfully
Table AdoptionRequests created or verified successfully
Table GiveUpRequests created or verified successfully
Table UsersNotifications created or verified successfully
Server is running on port 3000
Connected to the database
Table Associations created or verified successfully
Table Animals created or verified successfully
Table Users created or verified successfully
Table AdopterPreferences created or verified successfully
Table AdoptionRequests created or verified successfully
Table GiveUpRequests created or verified successfully
Table UsersNotifications created or verified successfully
Server is running on port 3000
Connected to the database
Table Associations created or verified successfully
Table Animals created or verified successfully
Table Users created or verified successfully
Table AdopterPreferences created or verified successfully
Table AdoptionRequests created or verified successfully
Table GiveUpRequests created or verified successfully
Table UsersNotifications created or verified successfully
Server is running on port 3000
Connected to the database
Table Associations created or verified successfully
Table Animals created or verified successfully
Table Users created or verified successfully
Table AdopterPreferences created or verified successfully
Table AdoptionRequests created or verified successfully
Table GiveUpRequests created or verified successfully
Table UsersNotifications created or verified successfully
Server is running on port 3000
Connected to the database
Table Associations created or verified successfully
Table Animals created or verified successfully
Table Users created or verified successfully
Table AdopterPreferences created or verified successfully
Table AdoptionRequests created or verified successfully
Table GiveUpRequests created or verified successfully
Table UsersNotifications created or verified successfully
Server is running on port 3000
Connected to the database
Table Associations created or verified successfully
Table Animals created or verified successfully
Table Users created or verified successfully
Table AdopterPreferences created or verified successfully
Table AdoptionRequests created or verified successfully
Table GiveUpRequests created or verified successfully
Table UsersNotifications created or verified successfully
Server is running on port 3000
Connected to the database
Table Associations created or verified successfully
Table Animals created or verified successfully
Table Users created or verified successfully
Table AdopterPreferences created or verified successfully
Table AdoptionRequests created or verified successfully
Table GiveUpRequests created or verified successfully
Table UsersNotifications created or verified successfully
Server is running on port 3000
Connected to the database
Table Associations created or verified successfully
Table Animals created or verified successfully
Table Users created or verified successfully
Table AdopterPreferences created or verified successfully
Table AdoptionRequests created or verified successfully
Table GiveUpRequests created or verified successfully
Table UsersNotifications created or verified successfully
Server is running on port 3000
Connected to the database
Table Associations created or verified successfully
Table Animals created or verified successfully
Table Users created or verified successfully
Table AdopterPreferences created or verified successfully
Table AdoptionRequests created or verified successfully
Table GiveUpRequests created or verified successfully
Table UsersNotifications created or verified successfully
Server is running on port 3000
Connected to the database
Table Associations created or verified successfully
Table Animals created or verified successfully
Table Users created or verified successfully
Table AdopterPreferences created or verified successfully
Table AdoptionRequests created or verified successfully
Table GiveUpRequests created or verified successfully
Table UsersNotifications created or verified successfully
Server is running on port 3000
Connected to the database
Table Associations created or verified successfully
Table Animals created or verified successfully
Table Users created or verified successfully
Table AdopterPreferences created or verified successfully
Table AdoptionRequests created or verified successfully
Table GiveUpRequests created or verified successfully
Table UsersNotifications created or verified successfully
Server is running on port 3000
Connected to the database
Table Associations created or verified successfully
Table Animals created or verified successfully
Table Users created or verified successfully
Table AdopterPreferences created or verified successfully
Table AdoptionRequests created or verified successfully
Table GiveUpRequests created or verified successfully
Table UsersNotifications created or verified successfully
Server is running on port 3000
Connected to the database
Table Associations created or verified successfully
Table Animals created or verified successfully
Table Users created or verified successfully
Table AdopterPreferences created or verified successfully
Table AdoptionRequests created or verified successfully
Table GiveUpRequests created or verified successfully
Table UsersNotifications created or verified successfully
Server is running on port 3000
Connected to the database
Table Associations created or verified successfully
Table Animals created or verified successfully
Table Users created or verified successfully
Table AdopterPreferences created or verified successfully
Table AdoptionRequests created or verified successfully
Table GiveUpRequests created or verified successfully
Table UsersNotifications created or verified successfully
Server is running on port 3000
Connected to the database
Table Associations created or verified successfully
Table Animals created or verified successfully
Table Users created or verified successfully
Table AdopterPreferences created or verified successfully
Table AdoptionRequests created or verified successfully
Table GiveUpRequests created or verified successfully
Table UsersNotifications created or verified successfully
Select Results: [ RowDataPacket { AnimalID: 1 } ]
Files uploaded successfully
Files uploaded successfully
Server is running on port 3000
Connected to the database
Table Associations created or verified successfully
Table Animals created or verified successfully
Table Users created or verified successfully
Table AdopterPreferences created or verified successfully
Table AdoptionRequests created or verified successfully
Table GiveUpRequests created or verified successfully
Table UsersNotifications created or verified successfully
Select Results: [ RowDataPacket { AnimalID: 5 } ]
Files uploaded successfully
Files uploaded successfully
Server is running on port 3000
Connected to the database
Table Associations created or verified successfully
Table Animals created or verified successfully
Table Users created or verified successfully
Table AdopterPreferences created or verified successfully
Table AdoptionRequests created or verified successfully
Table GiveUpRequests created or verified successfully
Table UsersNotifications created or verified successfully
Server is running on port 3000
Connected to the database
Table Associations created or verified successfully
Table Animals created or verified successfully
Table Users created or verified successfully
Table AdopterPreferences created or verified successfully
Table AdoptionRequests created or verified successfully
Table GiveUpRequests created or verified successfully
Table UsersNotifications created or verified successfully
Server is running on port 3000
Connected to the database
Table Associations created or verified successfully
Table Animals created or verified successfully
Table Users created or verified successfully
Table AdopterPreferences created or verified successfully
Table AdoptionRequests created or verified successfully
Table GiveUpRequests created or verified successfully
Table UsersNotifications created or verified successfully
Select Results: [ RowDataPacket { AnimalID: 9 } ]
Files uploaded successfully
Server is running on port 3000
Connected to the database
Table Associations created or verified successfully
Table Animals created or verified successfully
Table Users created or verified successfully
Table AdopterPreferences created or verified successfully
Table AdoptionRequests created or verified successfully
Table GiveUpRequests created or verified successfully
Table UsersNotifications created or verified successfully
Select Results: [ RowDataPacket { AnimalID: 10 } ]
Files uploaded successfully
Server is running on port 3000
Connected to the database
Table Associations created or verified successfully
Table Animals created or verified successfully
Table Users created or verified successfully
Table AdopterPreferences created or verified successfully
Table AdoptionRequests created or verified successfully
Table GiveUpRequests created or verified successfully
Table UsersNotifications created or verified successfully
Server is running on port 3000
Connected to the database
Table Associations created or verified successfully
Table Animals created or verified successfully
Table Users created or verified successfully
Table AdopterPreferences created or verified successfully
Table AdoptionRequests created or verified successfully
Table GiveUpRequests created or verified successfully
Table UsersNotifications created or verified successfully
Select Results: [ RowDataPacket { AnimalID: 11 } ]
Files uploaded successfully
Files uploaded successfully
Email sent: 250 2.0.0 OK  1709163191 u10-20020a05600c210a00b00410df4bf22esm3393779wml.38 - gsmtp
Server is running on port 3000
Connected to the database
Table Associations created or verified successfully
Table Animals created or verified successfully
Table Users created or verified successfully
Table AdopterPreferences created or verified successfully
Table AdoptionRequests created or verified successfully
Table GiveUpRequests created or verified successfully
Table UsersNotifications created or verified successfully
Select Results: [ RowDataPacket { AnimalID: 13 } ]
Files uploaded successfully
Files uploaded successfully
Email sent: 250 2.0.0 OK  1709163537 jn3-20020a05600c6b0300b004128e903b2csm3398657wmb.39 - gsmtp
Server is running on port 3000
Connected to the database
Table Associations created or verified successfully
Table Animals created or verified successfully
Table Users created or verified successfully
Table AdopterPreferences created or verified successfully
Table AdoptionRequests created or verified successfully
Table GiveUpRequests created or verified successfully
Table UsersNotifications created or verified successfully
Select Results: [ RowDataPacket { AnimalID: 14 } ]
Files uploaded successfully
Files uploaded successfully
Email sent: 250 2.0.0 OK  1709163584 bt6-20020a056000080600b0033db9383e70sm76977wrb.81 - gsmtp
Server is running on port 3000
Connected to the database
Table Associations created or verified successfully
Table Animals created or verified successfully
Table Users created or verified successfully
Table AdopterPreferences created or verified successfully
Table AdoptionRequests created or verified successfully
Table GiveUpRequests created or verified successfully
Table UsersNotifications created or verified successfully
Select Results: [ RowDataPacket { AnimalID: 16 } ]
Files uploaded successfully
Files uploaded successfully
Email sent: 250 2.0.0 OK  1709164188 jp21-20020a05600c559500b004126101915esm3435853wmb.4 - gsmtp
Server is running on port 3000
Connected to the database
Table Associations created or verified successfully
Table Animals created or verified successfully
Table Users created or verified successfully
Table AdopterPreferences created or verified successfully
Table AdoptionRequests created or verified successfully
Table GiveUpRequests created or verified successfully
Table UsersNotifications created or verified successfully
Select Results: [ RowDataPacket { AnimalID: 17 } ]
Files uploaded successfully
Files uploaded successfully
Email sent: 250 2.0.0 OK  1709164613 l21-20020a05600c4f1500b004101543e843sm3573833wmq.10 - gsmtp
Server is running on port 3000
Connected to the database
Table Associations created or verified successfully
Table Animals created or verified successfully
Table Users created or verified successfully
Table AdopterPreferences created or verified successfully
Table AdoptionRequests created or verified successfully
Table GiveUpRequests created or verified successfully
Table UsersNotifications created or verified successfully
Server is running on port 3000
Connected to the database
Table Associations created or verified successfully
Table Animals created or verified successfully
Table Users created or verified successfully
Table AdopterPreferences created or verified successfully
Table AdoptionRequests created or verified successfully
Table GiveUpRequests created or verified successfully
Table UsersNotifications created or verified successfully
Server is running on port 3000
Connected to the database
Table Associations created or verified successfully
Table Animals created or verified successfully
Table Users created or verified successfully
Table AdopterPreferences created or verified successfully
Table AdoptionRequests created or verified successfully
Table GiveUpRequests created or verified successfully
Table UsersNotifications created or verified successfully
Server is running on port 3000
Connected to the database
Table Associations created or verified successfully
Table Animals created or verified successfully
Table Users created or verified successfully
Table AdopterPreferences created or verified successfully
Table AdoptionRequests created or verified successfully
Table GiveUpRequests created or verified successfully
Table UsersNotifications created or verified successfully
Select Results: [ RowDataPacket { AnimalID: 18 } ]
Files uploaded successfully
Files uploaded successfully
Email sent: 250 2.0.0 OK  1709305818 t2-20020a5d42c2000000b0033d7dd27d97sm4778814wrr.45 - gsmtp
Select Results: [ RowDataPacket { AnimalID: 19 } ]
Files uploaded successfully
Files uploaded successfully
Email sent: 250 2.0.0 OK  1709306409 i4-20020a05600c354400b004101f27737asm9076845wmq.29 - gsmtp
Select Results: [ RowDataPacket { AnimalID: 20 } ]
Files uploaded successfully
Files uploaded successfully
Email sent: 250 2.0.0 OK  1709306607 26-20020a05600c021a00b004128c73beffsm8717622wmi.34 - gsmtp
Server is running on port 3000
Connected to the database
Table Associations created or verified successfully
Table Animals created or verified successfully
Table Users created or verified successfully
Table AdopterPreferences created or verified successfully
Table AdoptionRequests created or verified successfully
Table GiveUpRequests created or verified successfully
Table UsersNotifications created or verified successfully
Select Results: [ RowDataPacket { AnimalID: 21 } ]
Files uploaded successfully
Files uploaded successfully
Server is running on port 3000
Connected to the database
Table Associations created or verified successfully
Table Animals created or verified successfully
Table Users created or verified successfully
Table AdopterPreferences created or verified successfully
Table AdoptionRequests created or verified successfully
Table GiveUpRequests created or verified successfully
Table UsersNotifications created or verified successfully
Server is running on port 3000
Connected to the database
Table Associations created or verified successfully
Table Animals created or verified successfully
Table Users created or verified successfully
Table AdopterPreferences created or verified successfully
Table AdoptionRequests created or verified successfully
Table GiveUpRequests created or verified successfully
Table UsersNotifications created or verified successfully
Select Results: [ RowDataPacket { AnimalID: 22 } ]
Files uploaded successfully
Files uploaded successfully
Server is running on port 3000
Connected to the database
Table Associations created or verified successfully
Table Animals created or verified successfully
Table Users created or verified successfully
Table AdopterPreferences created or verified successfully
Table AdoptionRequests created or verified successfully
Table GiveUpRequests created or verified successfully
Table UsersNotifications created or verified successfully
Server is running on port 3000
Connected to the database
Table Associations created or verified successfully
Table Animals created or verified successfully
Table Users created or verified successfully
Table AdopterPreferences created or verified successfully
Table AdoptionRequests created or verified successfully
Table GiveUpRequests created or verified successfully
Table UsersNotifications created or verified successfully
Select Results: [ RowDataPacket { AnimalID: 23 } ]
Files uploaded successfully
Files uploaded successfully
Server is running on port 3000
Connected to the database
Table Associations created or verified successfully
Table Animals created or verified successfully
Table Users created or verified successfully
Table AdopterPreferences created or verified successfully
Table AdoptionRequests created or verified successfully
Table GiveUpRequests created or verified successfully
Table UsersNotifications created or verified successfully
Select Results: [ RowDataPacket { AnimalID: 24 } ]
Files uploaded successfully
Files uploaded successfully
Server is running on port 3000
Connected to the database
Table Associations created or verified successfully
Table Animals created or verified successfully
Table Users created or verified successfully
Table AdopterPreferences created or verified successfully
Table AdoptionRequests created or verified successfully
Table GiveUpRequests created or verified successfully
Table UsersNotifications created or verified successfully
Server is running on port 3000
Connected to the database
Table Associations created or verified successfully
Table Animals created or verified successfully
Table Users created or verified successfully
Table AdopterPreferences created or verified successfully
Table AdoptionRequests created or verified successfully
Table GiveUpRequests created or verified successfully
Table UsersNotifications created or verified successfully
Select Results: [ RowDataPacket { AnimalID: 25 } ]
Files uploaded successfully
Files uploaded successfully
Email sent: 250 2.0.0 OK  1709308426 dn6-20020a05600c654600b004126ca2a1cbsm8732830wmb.48 - gsmtp
Select Results: [ RowDataPacket { AnimalID: 26 } ]
Files uploaded successfully
Files uploaded successfully
Email sent: 250 2.0.0 OK  1709308886 u23-20020a50c057000000b00565af2ea649sm1747063edd.14 - gsmtp
Server is running on port 3000
Connected to the database
Table Associations created or verified successfully
Table Animals created or verified successfully
Table Users created or verified successfully
Table AdopterPreferences created or verified successfully
Table AdoptionRequests created or verified successfully
Table GiveUpRequests created or verified successfully
Table UsersNotifications created or verified successfully
Select Results: [ RowDataPacket { AnimalID: 27 } ]
Files uploaded successfully
Files uploaded successfully
Email sent: 250 2.0.0 OK  1709309244 co2-20020a0560000a0200b0033d96b4efbasm5086943wrb.21 - gsmtp
Select Results: [ RowDataPacket { AnimalID: 28 } ]
Files uploaded successfully
Files uploaded successfully
Email sent: 250 2.0.0 OK  1709309400 j16-20020a5d6190000000b0033e0019b814sm4901191wru.34 - gsmtp
Server is running on port 3000
Connected to the database
Table Associations created or verified successfully
Table Animals created or verified successfully
Table Users created or verified successfully
Table AdopterPreferences created or verified successfully
Table AdoptionRequests created or verified successfully
Table GiveUpRequests created or verified successfully
Table UsersNotifications created or verified successfully
Select Results: [ RowDataPacket { AnimalID: 29 } ]
Files uploaded successfully
Files uploaded successfully
Email sent: 250 2.0.0 OK  1709309514 cr11-20020a05600004eb00b0033dd2c3131fsm4851346wrb.65 - gsmtp
Select Results: [ RowDataPacket { AnimalID: 30 } ]
Files uploaded successfully
Files uploaded successfully
Email sent: 250 2.0.0 OK  1709309690 m20-20020a7bca54000000b0041290251dc2sm8804019wml.14 - gsmtp
Server is running on port 3000
Connected to the database
Table Associations created or verified successfully
Table Animals created or verified successfully
Table Users created or verified successfully
Table AdopterPreferences created or verified successfully
Table AdoptionRequests created or verified successfully
Table GiveUpRequests created or verified successfully
Table UsersNotifications created or verified successfully
Select Results: [ RowDataPacket { AnimalID: 31 } ]
Files uploaded successfully
Files uploaded successfully
Email sent: 250 2.0.0 OK  1709309762 u21-20020a7bc055000000b004129a1097e7sm8823099wmc.12 - gsmtp
Server is running on port 3000
Connected to the database
Table Associations created or verified successfully
Table Animals created or verified successfully
Table Users created or verified successfully
Table AdopterPreferences created or verified successfully
Table AdoptionRequests created or verified successfully
Table GiveUpRequests created or verified successfully
Table UsersNotifications created or verified successfully
Select Results: [ RowDataPacket { AnimalID: 32 } ]
Files uploaded successfully
Files uploaded successfully
Email sent: 250 2.0.0 OK  1709309858 v6-20020a5d59c6000000b0033d926bf7b5sm5109248wry.76 - gsmtp
Server is running on port 3000
Connected to the database
Table Associations created or verified successfully
Table Animals created or verified successfully
Table Users created or verified successfully
Table AdopterPreferences created or verified successfully
Table AdoptionRequests created or verified successfully
Table GiveUpRequests created or verified successfully
Table UsersNotifications created or verified successfully
Select Results: [ RowDataPacket { AnimalID: 33 } ]
Files uploaded successfully
Files uploaded successfully
Email sent: 250 2.0.0 OK  1709310109 17-20020a05600c229100b00412b2afb2c8sm8766492wmf.26 - gsmtp
Server is running on port 3000
Connected to the database
Table Associations created or verified successfully
Table Animals created or verified successfully
Table Users created or verified successfully
Table AdopterPreferences created or verified successfully
Table AdoptionRequests created or verified successfully
Table GiveUpRequests created or verified successfully
Table UsersNotifications created or verified successfully
Select Results: [ RowDataPacket { AnimalID: 34 } ]
Files uploaded successfully
Files uploaded successfully
Email sent: 250 2.0.0 OK  1709310350 17-20020a05600c229100b00412b2afb2c8sm8776904wmf.26 - gsmtp
Server is running on port 3000
Connected to the database
Table Associations created or verified successfully
Table Animals created or verified successfully
Table Users created or verified successfully
Table AdopterPreferences created or verified successfully
Table AdoptionRequests created or verified successfully
Table GiveUpRequests created or verified successfully
Table UsersNotifications created or verified successfully
Select Results: [ RowDataPacket { AnimalID: 35 } ]
Files uploaded successfully
Files uploaded successfully
Email sent: 250 2.0.0 OK  1709310472 vo10-20020a170907a80a00b00a3d9a94b13fsm1823874ejc.136 - gsmtp
Server is running on port 3000
Connected to the database
Table Associations created or verified successfully
Table Animals created or verified successfully
Table Users created or verified successfully
Table AdopterPreferences created or verified successfully
Table AdoptionRequests created or verified successfully
Table GiveUpRequests created or verified successfully
Table UsersNotifications created or verified successfully
Server is running on port 3000
Connected to the database
Table Associations created or verified successfully
Table Animals created or verified successfully
Table Users created or verified successfully
Table AdopterPreferences created or verified successfully
Table AdoptionRequests created or verified successfully
Table GiveUpRequests created or verified successfully
Table UsersNotifications created or verified successfully
Server is running on port 3000
Connected to the database
Table Associations created or verified successfully
Table Animals created or verified successfully
Table Users created or verified successfully
Table AdopterPreferences created or verified successfully
Table AdoptionRequests created or verified successfully
Table GiveUpRequests created or verified successfully
Table UsersNotifications created or verified successfully
Server is running on port 3000
Connected to the database
Table Associations created or verified successfully
Table Animals created or verified successfully
Table Users created or verified successfully
Table AdopterPreferences created or verified successfully
Table AdoptionRequests created or verified successfully
Table GiveUpRequests created or verified successfully
Table UsersNotifications created or verified successfully
Server is running on port 3000
Connected to the database
Table Associations created or verified successfully
Table Animals created or verified successfully
Table Users created or verified successfully
Table AdopterPreferences created or verified successfully
Table AdoptionRequests created or verified successfully
Table GiveUpRequests created or verified successfully
Table UsersNotifications created or verified successfully
Server is running on port 3000
Connected to the database
Table Associations created or verified successfully
Table Animals created or verified successfully
Table Users created or verified successfully
Table AdopterPreferences created or verified successfully
Table AdoptionRequests created or verified successfully
Table GiveUpRequests created or verified successfully
Table UsersNotifications created or verified successfully
Server is running on port 3000
Connected to the database
Table Associations created or verified successfully
Table Animals created or verified successfully
Table Users created or verified successfully
Table AdopterPreferences created or verified successfully
Table AdoptionRequests created or verified successfully
Table GiveUpRequests created or verified successfully
Table UsersNotifications created or verified successfully
Server is running on port 3000
Connected to the database
Table Associations created or verified successfully
Table Animals created or verified successfully
Table Users created or verified successfully
Table AdopterPreferences created or verified successfully
Table AdoptionRequests created or verified successfully
Table GiveUpRequests created or verified successfully
Table UsersNotifications created or verified successfully
Server is running on port 3000
Connected to the database
Table Associations created or verified successfully
Table Animals created or verified successfully
Table Users created or verified successfully
Table AdopterPreferences created or verified successfully
Table AdoptionRequests created or verified successfully
Table GiveUpRequests created or verified successfully
Table UsersNotifications created or verified successfully
Server is running on port 3000
Connected to the database
Table Associations created or verified successfully
Table Animals created or verified successfully
Table Users created or verified successfully
Table AdopterPreferences created or verified successfully
Table AdoptionRequests created or verified successfully
Table GiveUpRequests created or verified successfully
Table UsersNotifications created or verified successfully
Server is running on port 3000
Connected to the database
Table Associations created or verified successfully
Table Animals created or verified successfully
Table Users created or verified successfully
Table AdopterPreferences created or verified successfully
Table AdoptionRequests created or verified successfully
Table GiveUpRequests created or verified successfully
Table UsersNotifications created or verified successfully
Server is running on port 3000
Connected to the database
Table Associations created or verified successfully
Table Animals created or verified successfully
Table Users created or verified successfully
Table AdopterPreferences created or verified successfully
Table AdoptionRequests created or verified successfully
Table GiveUpRequests created or verified successfully
Table UsersNotifications created or verified successfully
Server is running on port 3000
Connected to the database
Table Associations created or verified successfully
Table Animals created or verified successfully
Table Users created or verified successfully
Table AdopterPreferences created or verified successfully
Table AdoptionRequests created or verified successfully
Table GiveUpRequests created or verified successfully
Table UsersNotifications created or verified successfully
Server is running on port 3000
Connected to the database
Table Associations created or verified successfully
Table Animals created or verified successfully
Table Users created or verified successfully
Table AdopterPreferences created or verified successfully
Table AdoptionRequests created or verified successfully
Table GiveUpRequests created or verified successfully
Table UsersNotifications created or verified successfully
Server is running on port 3000
Connected to the database
Table Associations created or verified successfully
Table Animals created or verified successfully
Table Users created or verified successfully
Table AdopterPreferences created or verified successfully
Table AdoptionRequests created or verified successfully
Table GiveUpRequests created or verified successfully
Table UsersNotifications created or verified successfully
Server is running on port 3000
Connected to the database
Table Associations created or verified successfully
Table Animals created or verified successfully
Table Users created or verified successfully
Table AdopterPreferences created or verified successfully
Table AdoptionRequests created or verified successfully
Table GiveUpRequests created or verified successfully
Table UsersNotifications created or verified successfully
Server is running on port 3000
Connected to the database
Table Associations created or verified successfully
Table Animals created or verified successfully
Table Users created or verified successfully
Table AdopterPreferences created or verified successfully
Table AdoptionRequests created or verified successfully
Table GiveUpRequests created or verified successfully
Table UsersNotifications created or verified successfully
Select Results: [ RowDataPacket { AnimalID: 36 } ]
Files uploaded successfully
Server is running on port 3000
Connected to the database
Table Associations created or verified successfully
Table Animals created or verified successfully
Table Users created or verified successfully
Table AdopterPreferences created or verified successfully
Table AdoptionRequests created or verified successfully
Table GiveUpRequests created or verified successfully
Table UsersNotifications created or verified successfully
Server is running on port 3000
Connected to the database
Table Associations created or verified successfully
Table Animals created or verified successfully
Table Users created or verified successfully
Table AdopterPreferences created or verified successfully
Table AdoptionRequests created or verified successfully
Table GiveUpRequests created or verified successfully
Table UsersNotifications created or verified successfully
Server is running on port 3000
Connected to the database
Table Associations created or verified successfully
Table Animals created or verified successfully
Table Users created or verified successfully
Table AdopterPreferences created or verified successfully
Table AdoptionRequests created or verified successfully
Table GiveUpRequests created or verified successfully
Table UsersNotifications created or verified successfully
Server is running on port 3000
Connected to the database
Table Associations created or verified successfully
Table Animals created or verified successfully
Table Users created or verified successfully
Table AdopterPreferences created or verified successfully
Table AdoptionRequests created or verified successfully
Table GiveUpRequests created or verified successfully
Table UsersNotifications created or verified successfully
Server is running on port 3000
Connected to the database
Table Associations created or verified successfully
Table Animals created or verified successfully
Table Users created or verified successfully
Table AdopterPreferences created or verified successfully
Table AdoptionRequests created or verified successfully
Table GiveUpRequests created or verified successfully
Table UsersNotifications created or verified successfully
Server is running on port 3000
Connected to the database
Table Associations created or verified successfully
Table Animals created or verified successfully
Table Users created or verified successfully
Table AdopterPreferences created or verified successfully
Table AdoptionRequests created or verified successfully
Table GiveUpRequests created or verified successfully
Table UsersNotifications created or verified successfully
Server is running on port 3000
Connected to the database
Table Associations created or verified successfully
Table Animals created or verified successfully
Table Users created or verified successfully
Table AdopterPreferences created or verified successfully
Table AdoptionRequests created or verified successfully
Table GiveUpRequests created or verified successfully
Table UsersNotifications created or verified successfully
Server is running on port 3000
Connected to the database
Table Associations created or verified successfully
Table Animals created or verified successfully
Table Users created or verified successfully
Table AdopterPreferences created or verified successfully
Table AdoptionRequests created or verified successfully
Table GiveUpRequests created or verified successfully
Table UsersNotifications created or verified successfully
Server is running on port 3000
Connected to the database
Table Associations created or verified successfully
Table Animals created or verified successfully
Table Users created or verified successfully
Table AdopterPreferences created or verified successfully
Table AdoptionRequests created or verified successfully
Table GiveUpRequests created or verified successfully
Table UsersNotifications created or verified successfully
Server is running on port 3000
Connected to the database
Table Associations created or verified successfully
Table Animals created or verified successfully
Table Users created or verified successfully
Table AdopterPreferences created or verified successfully
Table AdoptionRequests created or verified successfully
Table GiveUpRequests created or verified successfully
Table UsersNotifications created or verified successfully
Server is running on port 3000
Connected to the database
Table Associations created or verified successfully
Table Animals created or verified successfully
Table Users created or verified successfully
Table AdopterPreferences created or verified successfully
Table AdoptionRequests created or verified successfully
Table GiveUpRequests created or verified successfully
Table UsersNotifications created or verified successfully
Server is running on port 3000
Connected to the database
Table Associations created or verified successfully
Table Animals created or verified successfully
Table Users created or verified successfully
Table AdopterPreferences created or verified successfully
Table AdoptionRequests created or verified successfully
Table GiveUpRequests created or verified successfully
Table UsersNotifications created or verified successfully
Server is running on port 3000
Connected to the database
Table Associations created or verified successfully
Table Animals created or verified successfully
Table Users created or verified successfully
Table AdopterPreferences created or verified successfully
Table AdoptionRequests created or verified successfully
Table GiveUpRequests created or verified successfully
Table UsersNotifications created or verified successfully
Server is running on port 3000
Connected to the database
Table Associations created or verified successfully
Table Animals created or verified successfully
Table Users created or verified successfully
Table AdopterPreferences created or verified successfully
Table AdoptionRequests created or verified successfully
Table GiveUpRequests created or verified successfully
Table UsersNotifications created or verified successfully
Server is running on port 3000
Connected to the database
Table Associations created or verified successfully
Table Animals created or verified successfully
Table Users created or verified successfully
Table AdopterPreferences created or verified successfully
Table AdoptionRequests created or verified successfully
Table GiveUpRequests created or verified successfully
Table UsersNotifications created or verified successfully
Server is running on port 3000
Connected to the database
Table Associations created or verified successfully
Table Animals created or verified successfully
Table Users created or verified successfully
Table AdopterPreferences created or verified successfully
Table AdoptionRequests created or verified successfully
Table GiveUpRequests created or verified successfully
Table UsersNotifications created or verified successfully
Server is running on port 3000
Connected to the database
Table Associations created or verified successfully
Table Animals created or verified successfully
Table Users created or verified successfully
Table AdopterPreferences created or verified successfully
Table AdoptionRequests created or verified successfully
Table GiveUpRequests created or verified successfully
Table UsersNotifications created or verified successfully
Server is running on port 3000
Connected to the database
Table Associations created or verified successfully
Table Animals created or verified successfully
Table Users created or verified successfully
Table AdopterPreferences created or verified successfully
Table AdoptionRequests created or verified successfully
Table GiveUpRequests created or verified successfully
Table UsersNotifications created or verified successfully
Server is running on port 3000
Connected to the database
Table Associations created or verified successfully
Table Animals created or verified successfully
Table Users created or verified successfully
Table AdopterPreferences created or verified successfully
Table AdoptionRequests created or verified successfully
Table GiveUpRequests created or verified successfully
Table UsersNotifications created or verified successfully
Server is running on port 3000
Connected to the database
Table Associations created or verified successfully
Table Animals created or verified successfully
Table Users created or verified successfully
Table AdopterPreferences created or verified successfully
Table AdoptionRequests created or verified successfully
Table GiveUpRequests created or verified successfully
Table UsersNotifications created or verified successfully
Server is running on port 3000
Connected to the database
Table Associations created or verified successfully
Table Animals created or verified successfully
Table Users created or verified successfully
Table AdopterPreferences created or verified successfully
Table AdoptionRequests created or verified successfully
Table GiveUpRequests created or verified successfully
Table UsersNotifications created or verified successfully
Server is running on port 3000
Connected to the database
Table Associations created or verified successfully
Table Animals created or verified successfully
Table Users created or verified successfully
Table AdopterPreferences created or verified successfully
Table AdoptionRequests created or verified successfully
Table GiveUpRequests created or verified successfully
Table UsersNotifications created or verified successfully
Server is running on port 3000
Connected to the database
Table Associations created or verified successfully
Table Animals created or verified successfully
Table Users created or verified successfully
Table AdopterPreferences created or verified successfully
Table AdoptionRequests created or verified successfully
Table GiveUpRequests created or verified successfully
Table UsersNotifications created or verified successfully
Server is running on port 3000
Connected to the database
Table Associations created or verified successfully
Table Animals created or verified successfully
Table Users created or verified successfully
Table AdopterPreferences created or verified successfully
Table AdoptionRequests created or verified successfully
Table GiveUpRequests created or verified successfully
Table UsersNotifications created or verified successfully
Server is running on port 3000
Connected to the database
Table Associations created or verified successfully
Table Animals created or verified successfully
Table Users created or verified successfully
Table AdopterPreferences created or verified successfully
Table AdoptionRequests created or verified successfully
Table GiveUpRequests created or verified successfully
Table UsersNotifications created or verified successfully
Server is running on port 3000
Connected to the database
Table Associations created or verified successfully
Table Animals created or verified successfully
Table Users created or verified successfully
Table AdopterPreferences created or verified successfully
Table AdoptionRequests created or verified successfully
Table GiveUpRequests created or verified successfully
Table UsersNotifications created or verified successfully
Server is running on port 3000
Connected to the database
Table Associations created or verified successfully
Table Animals created or verified successfully
Table Users created or verified successfully
Table AdopterPreferences created or verified successfully
Table AdoptionRequests created or verified successfully
Table GiveUpRequests created or verified successfully
Table UsersNotifications created or verified successfully
Server is running on port 3000
Connected to the database
Table Associations created or verified successfully
Table Animals created or verified successfully
Table Users created or verified successfully
Table AdopterPreferences created or verified successfully
Table AdoptionRequests created or verified successfully
Table GiveUpRequests created or verified successfully
Table UsersNotifications created or verified successfully
Server is running on port 3000
Connected to the database
Table Associations created or verified successfully
Table Animals created or verified successfully
Table Users created or verified successfully
Table AdopterPreferences created or verified successfully
Table AdoptionRequests created or verified successfully
Table GiveUpRequests created or verified successfully
Table UsersNotifications created or verified successfully
Server is running on port 3000
Connected to the database
Table Associations created or verified successfully
Table Animals created or verified successfully
Table Users created or verified successfully
Table AdopterPreferences created or verified successfully
Table AdoptionRequests created or verified successfully
Table GiveUpRequests created or verified successfully
Table UsersNotifications created or verified successfully
Server is running on port 3000
Connected to the database
Table Associations created or verified successfully
Table Animals created or verified successfully
Table Users created or verified successfully
Table AdopterPreferences created or verified successfully
Table AdoptionRequests created or verified successfully
Table GiveUpRequests created or verified successfully
Table UsersNotifications created or verified successfully
Server is running on port 3000
Connected to the database
Table Associations created or verified successfully
Table Animals created or verified successfully
Table Users created or verified successfully
Table AdopterPreferences created or verified successfully
Table AdoptionRequests created or verified successfully
Table GiveUpRequests created or verified successfully
Table UsersNotifications created or verified successfully
Server is running on port 3000
Connected to the database
Table Associations created or verified successfully
Table Animals created or verified successfully
Table Users created or verified successfully
Table AdopterPreferences created or verified successfully
Table AdoptionRequests created or verified successfully
Table GiveUpRequests created or verified successfully
Table UsersNotifications created or verified successfully
Server is running on port 3000
Connected to the database
Table Associations created or verified successfully
Table Animals created or verified successfully
Table Users created or verified successfully
Table AdopterPreferences created or verified successfully
Table AdoptionRequests created or verified successfully
Table GiveUpRequests created or verified successfully
Table UsersNotifications created or verified successfully
Server is running on port 3000
Connected to the database
Table Associations created or verified successfully
Table Animals created or verified successfully
Table Users created or verified successfully
Table AdopterPreferences created or verified successfully
Table AdoptionRequests created or verified successfully
Table GiveUpRequests created or verified successfully
Table UsersNotifications created or verified successfully
Server is running on port 3000
Connected to the database
Table Associations created or verified successfully
Table Animals created or verified successfully
Table Users created or verified successfully
Table AdopterPreferences created or verified successfully
Table AdoptionRequests created or verified successfully
Table GiveUpRequests created or verified successfully
Table UsersNotifications created or verified successfully
Server is running on port 3000
Connected to the database
Table Associations created or verified successfully
Table Animals created or verified successfully
Table Users created or verified successfully
Table AdopterPreferences created or verified successfully
Table AdoptionRequests created or verified successfully
Table GiveUpRequests created or verified successfully
Table UsersNotifications created or verified successfully
Server is running on port 3000
Connected to the database
Table Associations created or verified successfully
Table Animals created or verified successfully
Table Users created or verified successfully
Table AdopterPreferences created or verified successfully
Table AdoptionRequests created or verified successfully
Table GiveUpRequests created or verified successfully
Table UsersNotifications created or verified successfully
Server is running on port 3000
Connected to the database
Table Associations created or verified successfully
Table Animals created or verified successfully
Table Users created or verified successfully
Table AdopterPreferences created or verified successfully
Table AdoptionRequests created or verified successfully
Table GiveUpRequests created or verified successfully
Table UsersNotifications created or verified successfully
Select Results: [ RowDataPacket { AnimalID: 37 } ]
Files uploaded successfully
Files uploaded successfully
Select Results: [ RowDataPacket { AnimalID: 38 } ]
Files uploaded successfully
Server is running on port 3000
Connected to the database
Table Associations created or verified successfully
Table Animals created or verified successfully
Table Users created or verified successfully
Table AdopterPreferences created or verified successfully
Table AdoptionRequests created or verified successfully
Server is running on port 3000
Connected to the database
Table Associations created or verified successfully
Table Animals created or verified successfully
Table Users created or verified successfully
Table AdopterPreferences created or verified successfully
Table AdoptionRequests created or verified successfully
Server is running on port 3000
Connected to the database
Table Associations created or verified successfully
Table Animals created or verified successfully
Table Users created or verified successfully
Table AdopterPreferences created or verified successfully
Table AdoptionRequests created or verified successfully
Server is running on port 3000
Connected to the database
Table Associations created or verified successfully
Table Animals created or verified successfully
Table Users created or verified successfully
Table AdopterPreferences created or verified successfully
Table AdoptionRequests created or verified successfully
Server is running on port 3000
Connected to the database
Table Associations created or verified successfully
Table Animals created or verified successfully
Table Users created or verified successfully
Table AdopterPreferences created or verified successfully
Table AdoptionRequests created or verified successfully
Server is running on port 3000
Connected to the database
Table Associations created or verified successfully
Table Animals created or verified successfully
Table Users created or verified successfully
Table AdopterPreferences created or verified successfully
Table AdoptionRequests created or verified successfully
Server is running on port 3000
Connected to the database
Table Associations created or verified successfully
Table Animals created or verified successfully
Table Users created or verified successfully
Table AdopterPreferences created or verified successfully
Table AdoptionRequests created or verified successfully
Server is running on port 3000
Connected to the database
Table Associations created or verified successfully
Table Animals created or verified successfully
Table Users created or verified successfully
Table AdopterPreferences created or verified successfully
Table AdoptionRequests created or verified successfully
Server is running on port 3000
Connected to the database
Table Associations created or verified successfully
Table Animals created or verified successfully
Table Users created or verified successfully
Table AdopterPreferences created or verified successfully
Table AdoptionRequests created or verified successfully
Server is running on port 3000
Connected to the database
Table Associations created or verified successfully
Table Animals created or verified successfully
Table Users created or verified successfully
Table AdopterPreferences created or verified successfully
Table AdoptionRequests created or verified successfully
Server is running on port 3000
Connected to the database
Table Associations created or verified successfully
Table Animals created or verified successfully
Table Users created or verified successfully
Table AdopterPreferences created or verified successfully
Table AdoptionRequests created or verified successfully
Table GiveUpRequests created or verified successfully
Table UsersNotifications created or verified successfully
Server is running on port 3000
Connected to the database
Table Associations created or verified successfully
Table Animals created or verified successfully
Table Users created or verified successfully
Table AdopterPreferences created or verified successfully
Table AdoptionRequests created or verified successfully
Table GiveUpRequests created or verified successfully
Table UsersNotifications created or verified successfully
Server is running on port 3000
Connected to the database
Table Associations created or verified successfully
Table Animals created or verified successfully
Table Users created or verified successfully
Table AdopterPreferences created or verified successfully
Table AdoptionRequests created or verified successfully
Table GiveUpRequests created or verified successfully
Table UsersNotifications created or verified successfully
Server is running on port 3000
Connected to the database
Table Associations created or verified successfully
Table Animals created or verified successfully
Table Users created or verified successfully
Table AdopterPreferences created or verified successfully
Table AdoptionRequests created or verified successfully
Table GiveUpRequests created or verified successfully
Table UsersNotifications created or verified successfully
Server is running on port 3000
Connected to the database
Table Associations created or verified successfully
Table Animals created or verified successfully
Table Users created or verified successfully
Table AdopterPreferences created or verified successfully
Table AdoptionRequests created or verified successfully
Table GiveUpRequests created or verified successfully
Table UsersNotifications created or verified successfully
Server is running on port 3000
Connected to the database
Table Associations created or verified successfully
Table Animals created or verified successfully
Table Users created or verified successfully
Table AdopterPreferences created or verified successfully
Table AdoptionRequests created or verified successfully
Table GiveUpRequests created or verified successfully
Table UsersNotifications created or verified successfully
Server is running on port 3000
Connected to the database
Table Associations created or verified successfully
Table Animals created or verified successfully
Table Users created or verified successfully
Table AdopterPreferences created or verified successfully
Table AdoptionRequests created or verified successfully
Table GiveUpRequests created or verified successfully
Table UsersNotifications created or verified successfully
Server is running on port 3000
Connected to the database
Table Associations created or verified successfully
Table Animals created or verified successfully
Table Users created or verified successfully
Table AdopterPreferences created or verified successfully
Table AdoptionRequests created or verified successfully
Table GiveUpRequests created or verified successfully
Table UsersNotifications created or verified successfully
Server is running on port 3000
Connected to the database
Table Associations created or verified successfully
Table Animals created or verified successfully
Table Users created or verified successfully
Table AdopterPreferences created or verified successfully
Table AdoptionRequests created or verified successfully
Table GiveUpRequests created or verified successfully
Table UsersNotifications created or verified successfully
Server is running on port 3000
Connected to the database
Table Associations created or verified successfully
Table Animals created or verified successfully
Table Users created or verified successfully
Table AdopterPreferences created or verified successfully
Table AdoptionRequests created or verified successfully
Table GiveUpRequests created or verified successfully
Table UsersNotifications created or verified successfully
Server is running on port 3000
Connected to the database
Table Associations created or verified successfully
Table Animals created or verified successfully
Table Users created or verified successfully
Table AdopterPreferences created or verified successfully
Table AdoptionRequests created or verified successfully
Table GiveUpRequests created or verified successfully
Table UsersNotifications created or verified successfully
Server is running on port 3000
Connected to the database
Table Associations created or verified successfully
Table Animals created or verified successfully
Table Users created or verified successfully
Table AdopterPreferences created or verified successfully
Table AdoptionRequests created or verified successfully
Table GiveUpRequests created or verified successfully
Table UsersNotifications created or verified successfully
Server is running on port 3000
Connected to the database
Table Associations created or verified successfully
Table Animals created or verified successfully
Table Users created or verified successfully
Table AdopterPreferences created or verified successfully
Table AdoptionRequests created or verified successfully
Table GiveUpRequests created or verified successfully
Table UsersNotifications created or verified successfully
Server is running on port 3000
Connected to the database
Table Associations created or verified successfully
Table Animals created or verified successfully
Table Users created or verified successfully
Table AdopterPreferences created or verified successfully
Table AdoptionRequests created or verified successfully
Table GiveUpRequests created or verified successfully
Table UsersNotifications created or verified successfully
Select Results: [ RowDataPacket { AnimalID: 39 } ]
Files uploaded successfully
Select Results: [ RowDataPacket { AnimalID: 40 } ]
Files uploaded successfully
